<?xml version="1.0" encoding="UTF-8"?>
<!-- Generated by org.testng.reporters.JUnitXMLReporter -->
<testsuite ignored="0" hostname="MdZahidArefinLenovoLaptop" failures="0" tests="5" name="Test" time="7.344" errors="0" timestamp="2023-07-05T22:03:09 CDT">
  <testcase classname="testCases.TC_VideoGameAPI" name="test_Getallvideogames" time="4.285"/>
  <testcase classname="testCases.TC_VideoGameAPI" name="test_AddNewVideoGame" time="1.014"/>
  <testcase classname="testCases.TC_VideoGameAPI" name="test_GetVideoGamesById" time="1.682"/>
  <testcase classname="testCases.TC_VideoGameAPI" name="test_UpdateVideoGame" time="0.181"/>
  <testcase classname="testCases.TC_VideoGameAPI" name="test_DeleteVideoGame" time="0.043"/>
</testsuite> <!-- Test -->
