<?xml version="1.0" encoding="UTF-8"?>
<!-- Generated by org.testng.reporters.JUnitXMLReporter -->
<testsuite ignored="0" hostname="MdZahidArefinLenovoLaptop" failures="0" tests="5" name="Test" time="6.362" errors="0" timestamp="2023-07-05T22:23:01 CDT">
  <testcase classname="testCases.TC_VideoGameAPI" name="test_Getallvideogames" time="3.59"/>
  <testcase classname="testCases.TC_VideoGameAPI" name="test_AddNewVideoGame" time="0.807"/>
  <testcase classname="testCases.TC_VideoGameAPI" name="test_GetVideoGamesById" time="1.684"/>
  <testcase classname="testCases.TC_VideoGameAPI" name="test_UpdateVideoGame" time="0.135"/>
  <testcase classname="testCases.TC_VideoGameAPI" name="test_DeleteVideoGame" time="0.043"/>
</testsuite> <!-- Test -->
