<?xml version="1.0" encoding="UTF-8"?>
<testng-results ignored="0" total="5" passed="5" failed="0" skipped="0">
  <reporter-output>
  </reporter-output>
  <suite started-at="2023-07-05T22:22:55 CDT" name="Suite" finished-at="2023-07-05T22:23:01 CDT" duration-ms="6362">
    <groups>
    </groups>
    <test started-at="2023-07-05T22:22:55 CDT" name="Test" finished-at="2023-07-05T22:23:01 CDT" duration-ms="6362">
      <class name="testCases.TC_VideoGameAPI">
        <test-method signature="test_Getallvideogames()[pri:1, instance:testCases.TC_VideoGameAPI@67a20f67]" started-at="2023-07-05T22:22:55 CDT" name="test_Getallvideogames" finished-at="2023-07-05T22:22:59 CDT" duration-ms="3590" status="PASS">
          <reporter-output>
          </reporter-output>
        </test-method> <!-- test_Getallvideogames -->
        <test-method signature="test_AddNewVideoGame()[pri:2, instance:testCases.TC_VideoGameAPI@67a20f67]" started-at="2023-07-05T22:22:59 CDT" name="test_AddNewVideoGame" finished-at="2023-07-05T22:23:00 CDT" duration-ms="807" status="PASS">
          <reporter-output>
          </reporter-output>
        </test-method> <!-- test_AddNewVideoGame -->
        <test-method signature="test_GetVideoGamesById()[pri:3, instance:testCases.TC_VideoGameAPI@67a20f67]" started-at="2023-07-05T22:23:00 CDT" name="test_GetVideoGamesById" finished-at="2023-07-05T22:23:01 CDT" duration-ms="1684" status="PASS">
          <reporter-output>
          </reporter-output>
        </test-method> <!-- test_GetVideoGamesById -->
        <test-method signature="test_UpdateVideoGame()[pri:4, instance:testCases.TC_VideoGameAPI@67a20f67]" started-at="2023-07-05T22:23:01 CDT" name="test_UpdateVideoGame" finished-at="2023-07-05T22:23:01 CDT" duration-ms="135" status="PASS">
          <reporter-output>
          </reporter-output>
        </test-method> <!-- test_UpdateVideoGame -->
        <test-method signature="test_DeleteVideoGame()[pri:5, instance:testCases.TC_VideoGameAPI@67a20f67]" started-at="2023-07-05T22:23:01 CDT" name="test_DeleteVideoGame" finished-at="2023-07-05T22:23:01 CDT" duration-ms="43" status="PASS">
          <reporter-output>
          </reporter-output>
        </test-method> <!-- test_DeleteVideoGame -->
      </class> <!-- testCases.TC_VideoGameAPI -->
    </test> <!-- Test -->
  </suite> <!-- Suite -->
</testng-results>
