<?xml version="1.0" encoding="UTF-8"?>
<testsuite xmlns:xsi="http://www.w3.org/2001/XMLSchema-instance" xsi:noNamespaceSchemaLocation="https://maven.apache.org/surefire/maven-surefire-plugin/xsd/surefire-test-report-3.0.xsd" version="3.0" name="TestSuite" time="7.627" tests="5" errors="0" skipped="0" failures="0">
  <properties>
[...]
</properties>
  <testcase name="test_Getallvideogames" classname="testCases.TC_VideoGameAPI" time="3.589"/>
  <testcase name="test_AddNewVideoGame" classname="testCases.TC_VideoGameAPI" time="0.824">
    <system-out><![CDATA[{"status": "Record Added Successfully"}
]]></system-out>
    <system-err><![CDATA[[Fatal Error] :1:1: Content is not allowed in prolog.
]]></system-err>
  </testcase>
  <testcase name="test_GetVideoGamesById" classname="testCases.TC_VideoGameAPI" time="1.667">
    <system-out><![CDATA[<videoGame category="Adventure" rating="Universal">
  <id>1010</id>
  <name>Batman</name>
  <releaseDate>2023-07-05T00:00:00-05:00</releaseDate>
  <reviewScore>50</reviewScore>
</videoGame>
]]></system-out>
  </testcase>
  <testcase name="test_UpdateVideoGame" classname="testCases.TC_VideoGameAPI" time="0.133">
    <system-out><![CDATA[<videoGame category="Adventure" rating="Universal">
  <id>1010</id>
  <name>Pacman</name>
  <releaseDate>2023-07-05T00:00:00-05:00</releaseDate>
  <reviewScore>500</reviewScore>
</videoGame>
]]></system-out>
  </testcase>
  <testcase name="test_DeleteVideoGame" classname="testCases.TC_VideoGameAPI" time="0.046">
    <system-out><![CDATA[{"status": "Record Deleted Successfully"}
]]></system-out>
    <system-err><![CDATA[[Fatal Error] :1:1: Content is not allowed in prolog.
]]></system-err>
  </testcase>
</testsuite>