<?xml version="1.0" encoding="UTF-8"?>
<testng-results ignored="0" total="5" passed="5" failed="0" skipped="0">
  <reporter-output>
  </reporter-output>
  <suite started-at="2023-07-05T22:03:01 CDT" name="Suite" finished-at="2023-07-05T22:03:09 CDT" duration-ms="7344">
    <groups>
    </groups>
    <test started-at="2023-07-05T22:03:01 CDT" name="Test" finished-at="2023-07-05T22:03:09 CDT" duration-ms="7344">
      <class name="testCases.TC_VideoGameAPI">
        <test-method signature="test_Getallvideogames()[pri:1, instance:testCases.TC_VideoGameAPI@3c72f59f]" started-at="2023-07-05T22:03:02 CDT" name="test_Getallvideogames" finished-at="2023-07-05T22:03:06 CDT" duration-ms="4285" status="PASS">
          <reporter-output>
          </reporter-output>
        </test-method> <!-- test_Getallvideogames -->
        <test-method signature="test_AddNewVideoGame()[pri:2, instance:testCases.TC_VideoGameAPI@3c72f59f]" started-at="2023-07-05T22:03:06 CDT" name="test_AddNewVideoGame" finished-at="2023-07-05T22:03:07 CDT" duration-ms="1014" status="PASS">
          <reporter-output>
          </reporter-output>
        </test-method> <!-- test_AddNewVideoGame -->
        <test-method signature="test_GetVideoGamesById()[pri:3, instance:testCases.TC_VideoGameAPI@3c72f59f]" started-at="2023-07-05T22:03:07 CDT" name="test_GetVideoGamesById" finished-at="2023-07-05T22:03:09 CDT" duration-ms="1682" status="PASS">
          <reporter-output>
          </reporter-output>
        </test-method> <!-- test_GetVideoGamesById -->
        <test-method signature="test_UpdateVideoGame()[pri:4, instance:testCases.TC_VideoGameAPI@3c72f59f]" started-at="2023-07-05T22:03:09 CDT" name="test_UpdateVideoGame" finished-at="2023-07-05T22:03:09 CDT" duration-ms="181" status="PASS">
          <reporter-output>
          </reporter-output>
        </test-method> <!-- test_UpdateVideoGame -->
        <test-method signature="test_DeleteVideoGame()[pri:5, instance:testCases.TC_VideoGameAPI@3c72f59f]" started-at="2023-07-05T22:03:09 CDT" name="test_DeleteVideoGame" finished-at="2023-07-05T22:03:09 CDT" duration-ms="43" status="PASS">
          <reporter-output>
          </reporter-output>
        </test-method> <!-- test_DeleteVideoGame -->
      </class> <!-- testCases.TC_VideoGameAPI -->
    </test> <!-- Test -->
  </suite> <!-- Suite -->
</testng-results>
